<?xml version="1.0" encoding="UTF-8"?>
<testsuite name="com.talent.GetFilterByName" tests="1" skipped="0" failures="0" errors="0" timestamp="2021-09-20T01:33:44" hostname="DESKTOP-S7JV3ML" time="6.603">
  <properties/>
  <testcase name="filterName()" classname="com.talent.GetFilterByName" time="6.603"/>
  <system-out><![CDATA[Request method:	GET
Request URI:	https://restful-booker.herokuapp.com/booking?firstname=Jim&lastname=Ericsson
Proxy:			<none>
Request params:	<none>
Query params:	firstname=Jim
				lastname=Ericsson
Form params:	<none>
Path params:	<none>
Headers:		Accept=*/*
				Content-Type=application/json
Cookies:		<none>
Multiparts:		<none>
Body:			<none>
HTTP/1.1 200 OK
Server: Cowboy
Connection: keep-alive
X-Powered-By: Express
Content-Type: application/json; charset=utf-8
Content-Length: 17
Etag: W/"11-EFXkLaddCQy66Nf3JXQFGRXrkYY"
Date: Mon, 20 Sep 2021 01:33:28 GMT
Via: 1.1 vegur

[
    {
        "bookingid": 3
    }
]
]]></system-out>
  <system-err><![CDATA[]]></system-err>
</testsuite>
